Build started 2014-04-18 23:07:20.
     1>Project "D:\Dropbox\studia\grafika\projekt\szkielet.vcxproj" on node 2 (Build target(s)).
     1>ClCompile:
         C:\Program Files (x86)\Microsoft Visual Studio 12.0\VC\bin\CL.exe /c /ZI /nologo /W3 /WX- /Od /Oy- /D WIN32 /D _DEBUG /D _CONSOLE /D _VC80_UPGRADE=0x0710 /D _MBCS /Gm /EHsc /RTC1 /MTd /GS /fp:precise /Zc:wchar_t /Zc:forScope /Fo"Debug\\" /Fd"Debug\vc120.pdb" /Gd /TP /analyze- /errorReport:prompt tga.cpp
         tga.cpp
     1>d:\dropbox\studia\grafika\projekt\tga.cpp(61): warning C4244: '=' : conversion from 'std::streamoff' to 'unsigned long', possible loss of data
       Link:
         C:\Program Files (x86)\Microsoft Visual Studio 12.0\VC\bin\link.exe /ERRORREPORT:PROMPT /OUT:"Debug\szkielet.exe" /INCREMENTAL /NOLOGO kernel32.lib user32.lib gdi32.lib winspool.lib comdlg32.lib advapi32.lib shell32.lib ole32.lib oleaut32.lib uuid.lib odbc32.lib odbccp32.lib /MANIFEST /MANIFESTUAC:"level='asInvoker' uiAccess='false'" /manifest:embed /DEBUG /PDB:"Debug\szkielet.pdb" /SUBSYSTEM:CONSOLE /TLBID:1 /DYNAMICBASE:NO /IMPLIB:"Debug\szkielet.lib" /MACHINE:X86 /SAFESEH OPENGL32.LIB GLU32.LIB glut32.lib glew32.lib
          Debug\alcohols.obj
         Debug\detailed_cube.obj
         Debug\Drawer.obj
         Debug\EventHandler.obj
         Debug\Example1.obj
         Debug\Model.obj
         Debug\OpenGLInitializer.obj
         Debug\stdafx.obj
         Debug\tga.obj
     1>alcohols.obj : warning LNK4075: ignoring '/EDITANDCONTINUE' due to '/SAFESEH' specification
         szkielet.vcxproj -> D:\Dropbox\studia\grafika\projekt\Debug\szkielet.exe
     1>Done Building Project "D:\Dropbox\studia\grafika\projekt\szkielet.vcxproj" (Build target(s)).

Build succeeded.

Time Elapsed 00:00:01.33
